#
# There is insufficient memory for the Java Runtime Environment to continue.
# Native memory allocation (mmap) failed to map 130023424 bytes for Failed to commit area from 0x0000000085800000 to 0x000000008d400000 of length 130023424.
# Possible reasons:
#   The system is out of physical RAM or swap space
#   The process is running with CompressedOops enabled, and the Java Heap may be blocking the growth of the native heap
# Possible solutions:
#   Reduce memory load on the system
#   Increase physical memory or swap space
#   Check if swap backing store is full
#   Decrease Java heap size (-Xmx/-Xms)
#   Decrease number of Java threads
#   Decrease Java thread stack sizes (-Xss)
#   Set larger code cache with -XX:ReservedCodeCacheSize=
# This output file may be truncated or incomplete.
#
#  Out of Memory Error (src/hotspot/os/windows/os_windows.cpp:3627), pid=2880, tid=11480
#
# JRE version:  (11.0.15) (build )
# Java VM: OpenJDK 64-Bit Server VM (11.0.15+0-b2043.56-9505619, mixed mode, sharing, tiered, compressed oops, g1 gc, windows-amd64)
# No core dump will be written. Minidumps are not enabled by default on client versions of Windows
#

---------------  S U M M A R Y ------------

Command Line: git4idea.http.GitAskPassApp Username for 'https://github.com': 

Host: 11th Gen Intel(R) Core(TM) i5-1135G7 @ 2.40GHz, 8 cores, 7G,  Windows 11 , 64 bit Build 22000 (10.0.22000.1516)
Time: Thu Apr  6 14:29:02 2023 US Eastern Daylight Time elapsed time: 0.020335 seconds (0d 0h 0m 0s)

---------------  T H R E A D  ---------------

Current thread (0x000001fed2d04000):  JavaThread "Unknown thread" [_thread_in_vm, id=11480, stack(0x000000ed9ff00000,0x000000eda0000000)]

Stack: [0x000000ed9ff00000,0x000000eda0000000]
Native frames: (J=compiled Java code, j=interpreted, Vv=VM code, C=native code)
V  [jvm.dll+0x64135a]
V  [jvm.dll+0x7d39f9]
V  [jvm.dll+0x7d51b9]
V  [jvm.dll+0x7d58a3]
V  [jvm.dll+0x2691c5]
V  [jvm.dll+0x63e4e9]
V  [jvm.dll+0x632985]
V  [jvm.dll+0x3231ac]
V  [jvm.dll+0x323032]
V  [jvm.dll+0x327c06]
V  [jvm.dll+0x36ffa2]
V  [jvm.dll+0x36fa01]
V  [jvm.dll+0x2fea28]
V  [jvm.dll+0x2ffb25]
V  [jvm.dll+0x7accd7]
V  [jvm.dll+0x7ae49f]
V  [jvm.dll+0x37d299]
V  [jvm.dll+0x78ef9f]
V  [jvm.dll+0x3ec847]
V  [jvm.dll+0x3eed31]
C  [jli.dll+0x52cb]
C  [ucrtbase.dll+0x26c0c]
C  [KERNEL32.DLL+0x155a0]
C  [ntdll.dll+0x485b]


---------------  P R O C E S S  ---------------

Threads class SMR info:
_java_thread_list=0x000001fed0a654a0, length=0, elements={
}

Java Threads: ( => current thread )

Other Threads:
  0x000001fed2d1e800 GCTaskThread "GC Thread#0" [stack: 0x000000eda0000000,0x000000eda0100000] [id=2080]
  0x000001fed2d50000 ConcurrentGCThread "G1 Main Marker" [stack: 0x000000eda0100000,0x000000eda0200000] [id=13360]
  0x000001fed2d52000 ConcurrentGCThread "G1 Conc#0" [stack: 0x000000eda0200000,0x000000eda0300000] [id=12840]

[error occurred during error reporting (printing all threads), id 0xc0000005, EXCEPTION_ACCESS_VIOLATION (0xc0000005) at pc=0x00007ffa9fcff3e7]

VM state:not at safepoint (not fully initialized)

VM Mutex/Monitor currently owned by a thread:  ([mutex/lock_event])
[0x000001fed2d01b70] Heap_lock - owner thread: 0x000001fed2d04000

Heap address: 0x0000000085800000, size: 1960 MB, Compressed Oops mode: Non-zero based: 0x0000000085800000
Narrow klass base: 0x0000000000000000, Narrow klass shift: 0

GC Heap History (0 events):
No events

Deoptimization events (0 events):
No events

Classes redefined (0 events):
No events

Internal exceptions (0 events):
No events

Events (1 events):
Event: 0.008 Loaded shared library C:\Program Files\Android\Android Studio\jbr\bin\zip.dll


Dynamic libraries:
0x00007ff7556b0000 - 0x00007ff7556ba000 	C:\Program Files\Android\Android Studio\jbr\bin\java.exe
0x00007ffaf2ca0000 - 0x00007ffaf2ea9000 	C:\WINDOWS\SYSTEM32\ntdll.dll
0x00007ffaf1f00000 - 0x00007ffaf1fbe000 	C:\WINDOWS\System32\KERNEL32.DLL
0x00007ffaf05c0000 - 0x00007ffaf093c000 	C:\WINDOWS\System32\KERNELBASE.dll
0x00007ffaf0170000 - 0x00007ffaf0281000 	C:\WINDOWS\System32\ucrtbase.dll
0x00007ffac0530000 - 0x00007ffac0547000 	C:\Program Files\Android\Android Studio\jbr\bin\jli.dll
0x00007ffad2100000 - 0x00007ffad211b000 	C:\Program Files\Android\Android Studio\jbr\bin\VCRUNTIME140.dll
0x00007ffaf1d50000 - 0x00007ffaf1efd000 	C:\WINDOWS\System32\USER32.dll
0x00007fface2d0000 - 0x00007fface575000 	C:\WINDOWS\WinSxS\amd64_microsoft.windows.common-controls_6595b64144ccf1df_6.0.22000.120_none_9d947278b86cc467\COMCTL32.dll
0x00007ffaf0940000 - 0x00007ffaf0966000 	C:\WINDOWS\System32\win32u.dll
0x00007ffaf1470000 - 0x00007ffaf1513000 	C:\WINDOWS\System32\msvcrt.dll
0x00007ffaf2a70000 - 0x00007ffaf2a99000 	C:\WINDOWS\System32\GDI32.dll
0x00007ffaf0400000 - 0x00007ffaf0518000 	C:\WINDOWS\System32\gdi32full.dll
0x00007ffaf0520000 - 0x00007ffaf05bd000 	C:\WINDOWS\System32\msvcp_win.dll
0x00007ffaf1fc0000 - 0x00007ffaf1ff1000 	C:\WINDOWS\System32\IMM32.DLL
0x00007ffaeb960000 - 0x00007ffaeb96c000 	C:\Program Files\Android\Android Studio\jbr\bin\vcruntime140_1.dll
0x00007ffab22f0000 - 0x00007ffab237d000 	C:\Program Files\Android\Android Studio\jbr\bin\msvcp140.dll
0x00007ffa9f9f0000 - 0x00007ffaa05ac000 	C:\Program Files\Android\Android Studio\jbr\bin\server\jvm.dll
0x00007ffaf11a0000 - 0x00007ffaf124e000 	C:\WINDOWS\System32\ADVAPI32.dll
0x00007ffaf2060000 - 0x00007ffaf20fe000 	C:\WINDOWS\System32\sechost.dll
0x00007ffaf1340000 - 0x00007ffaf1460000 	C:\WINDOWS\System32\RPCRT4.dll
0x00007ffaf2aa0000 - 0x00007ffaf2aa8000 	C:\WINDOWS\System32\PSAPI.DLL
0x00007ffad12a0000 - 0x00007ffad12a9000 	C:\WINDOWS\SYSTEM32\WSOCK32.dll
0x00007ffae6ee0000 - 0x00007ffae6f13000 	C:\WINDOWS\SYSTEM32\WINMM.dll
0x00007ffae0f00000 - 0x00007ffae0f0a000 	C:\WINDOWS\SYSTEM32\VERSION.dll
0x00007ffaf1520000 - 0x00007ffaf158f000 	C:\WINDOWS\System32\WS2_32.dll
0x00007ffaef2e0000 - 0x00007ffaef2f8000 	C:\WINDOWS\SYSTEM32\kernel.appcore.dll
0x00007ffaeb970000 - 0x00007ffaeb980000 	C:\Program Files\Android\Android Studio\jbr\bin\verify.dll
0x00007ffaed7b0000 - 0x00007ffaed9d1000 	C:\WINDOWS\SYSTEM32\DBGHELP.DLL
0x00007ffad2880000 - 0x00007ffad28b1000 	C:\WINDOWS\SYSTEM32\dbgcore.DLL
0x00007ffaf0970000 - 0x00007ffaf09ef000 	C:\WINDOWS\System32\bcryptPrimitives.dll
0x00007ffae6fc0000 - 0x00007ffae6fe8000 	C:\Program Files\Android\Android Studio\jbr\bin\java.dll
0x00007ffae70b0000 - 0x00007ffae70ba000 	C:\Program Files\Android\Android Studio\jbr\bin\jimage.dll
0x00007ffae6f90000 - 0x00007ffae6fa8000 	C:\Program Files\Android\Android Studio\jbr\bin\zip.dll

dbghelp: loaded successfully - version: 4.0.5 - missing functions: none
symbol engine: initialized successfully - sym options: 0x614 - pdb path: .;C:\Program Files\Android\Android Studio\jbr\bin;C:\WINDOWS\SYSTEM32;C:\WINDOWS\WinSxS\amd64_microsoft.windows.common-controls_6595b64144ccf1df_6.0.22000.120_none_9d947278b86cc467;C:\Program Files\Android\Android Studio\jbr\bin\server

VM Arguments:
java_command: git4idea.http.GitAskPassApp Username for 'https://github.com': 
java_class_path (initial): C:/Program Files/Android/Android Studio/plugins/git4idea/lib/git4idea-rt.jar;C:/Program Files/Android/Android Studio/lib/externalProcess-rt.jar;C:/Program Files/Android/Android Studio/lib/app.jar;C:/Program Files/Android/Android Studio/lib/3rd-party-rt.jar
Launcher Type: SUN_STANDARD

[Global flags]
     intx CICompilerCount                          = 4                                         {product} {ergonomic}
     uint ConcGCThreads                            = 2                                         {product} {ergonomic}
     uint G1ConcRefinementThreads                  = 8                                         {product} {ergonomic}
   size_t G1HeapRegionSize                         = 1048576                                   {product} {ergonomic}
    uintx GCDrainStackTargetSize                   = 64                                        {product} {ergonomic}
   size_t InitialHeapSize                          = 130023424                                 {product} {ergonomic}
   size_t MarkStackSize                            = 4194304                                   {product} {ergonomic}
   size_t MaxHeapSize                              = 2055208960                                {product} {ergonomic}
   size_t MinHeapDeltaBytes                        = 1048576                                   {product} {ergonomic}
    uintx NonNMethodCodeHeapSize                   = 5836300                                {pd product} {ergonomic}
    uintx NonProfiledCodeHeapSize                  = 122910970                              {pd product} {ergonomic}
    uintx ProfiledCodeHeapSize                     = 122910970                              {pd product} {ergonomic}
    uintx ReservedCodeCacheSize                    = 251658240                              {pd product} {ergonomic}
     bool SegmentedCodeCache                       = true                                      {product} {ergonomic}
     bool UseCompressedClassPointers               = true                                 {lp64_product} {ergonomic}
     bool UseCompressedOops                        = true                                 {lp64_product} {ergonomic}
     bool UseG1GC                                  = true                                      {product} {ergonomic}
     bool UseLargePagesIndividualAllocation        = false                                  {pd product} {ergonomic}

Logging:
Log output configuration:
 #0: stdout all=warning uptime,level,tags
 #1: stderr all=off uptime,level,tags

Environment Variables:
PATH=C:\Program Files\Git\mingw64\libexec\git-core;C:\Program Files\Git\mingw64\libexec\git-core;C:\Program Files\Git\mingw64\bin;C:\Program Files\Git\usr\bin;C:\Users\Rantejbir Singh\bin;C:\Program Files (x86)\Common Files\Oracle\Java\javapath;C:\Program Files\Common Files\Oracle\Java\javapath;C:\WINDOWS\system32;C:\WINDOWS;C:\WINDOWS\System32\Wbem;C:\WINDOWS\System32\WindowsPowerShell\v1.0;C:\WINDOWS\System32\OpenSSH;C:\Program Files\Git\cmd;C:\Program Files\nodejs;C:\Program Files\MySQL\MySQL Shell 8.0\bin;C:\Users\Rantejbir Singh\AppData\Local\Microsoft\WindowsApps;C:\Users\Rantejbir Singh\AppData\Roaming\npm;C:\Users\Rantejbir Singh\AppData\Local\GitHubDesktop\bin;C:\Program Files\JetBrains\PyCharm Community Edition 2022.3.3\bin
USERNAME=Rantejbir Singh
DISPLAY=:0.0
LC_ALL=en_US.UTF-8
OS=Windows_NT
PROCESSOR_IDENTIFIER=Intel64 Family 6 Model 140 Stepping 1, GenuineIntel



---------------  S Y S T E M  ---------------

OS: Windows 11 , 64 bit Build 22000 (10.0.22000.1516)
OS uptime: 1 days 14:40 hours
Hyper-V role detected

CPU:total 8 (initial active 8) (4 cores per cpu, 2 threads per core) family 6 model 140 stepping 1 microcode 0x9a, cmov, cx8, fxsr, mmx, sse, sse2, sse3, ssse3, sse4.1, sse4.2, popcnt, avx, avx2, aes, clmul, erms, 3dnowpref, lzcnt, ht, tsc, tscinvbit, bmi1, bmi2, adx, evex, sha, fma

Memory: 4k page, system-wide physical 7835M (76M free)
TotalPageFile size 31387M (AvailPageFile size 64M)
current process WorkingSet (physical memory assigned to process): 10M, peak: 10M
current process commit charge ("private bytes"): 60M, peak: 183M

vm_info: OpenJDK 64-Bit Server VM (11.0.15+0-b2043.56-9505619) for windows-amd64 JRE (11.0.15+0-b2043.56-9505619), built on Jan 19 2023 02:48:00 by "builduser" with unknown MS VC++:1929

END.
